have_header: checking for ruby/thread.h... -------------------- yes

"gcc -o conftest -I/home/vagrant/.rbenv/versions/2.3.0/include/ruby-2.3.0/x86_64-linux -I/home/vagrant/.rbenv/versions/2.3.0/include/ruby-2.3.0/ruby/backward -I/home/vagrant/.rbenv/versions/2.3.0/include/ruby-2.3.0 -I. -I/home/vagrant/.rbenv/versions/2.3.0/include     -O3 -fno-fast-math -ggdb3 -Wall -Wextra -Wno-unused-parameter -Wno-parentheses -Wno-long-long -Wno-missing-field-initializers -Wunused-variable -Wpointer-arith -Wwrite-strings -Wdeclaration-after-statement -Wimplicit-function-declaration -Wdeprecated-declarations -Wno-packed-bitfield-compat conftest.c  -L. -L/home/vagrant/.rbenv/versions/2.3.0/lib -Wl,-R/home/vagrant/.rbenv/versions/2.3.0/lib -L. -L/home/vagrant/.rbenv/versions/2.3.0/lib  -fstack-protector -rdynamic -Wl,-export-dynamic     -Wl,-R/home/vagrant/.rbenv/versions/2.3.0/lib -L/home/vagrant/.rbenv/versions/2.3.0/lib -lruby-static  -lpthread -ldl -lcrypt -lm   -lc"
checked program was:
/* begin */
1: #include "ruby.h"
2: 
3: int main(int argc, char **argv)
4: {
5:   return 0;
6: }
/* end */

"gcc -E -I/home/vagrant/.rbenv/versions/2.3.0/include/ruby-2.3.0/x86_64-linux -I/home/vagrant/.rbenv/versions/2.3.0/include/ruby-2.3.0/ruby/backward -I/home/vagrant/.rbenv/versions/2.3.0/include/ruby-2.3.0 -I. -I/home/vagrant/.rbenv/versions/2.3.0/include     -O3 -fno-fast-math -ggdb3 -Wall -Wextra -Wno-unused-parameter -Wno-parentheses -Wno-long-long -Wno-missing-field-initializers -Wunused-variable -Wpointer-arith -Wwrite-strings -Wdeclaration-after-statement -Wimplicit-function-declaration -Wdeprecated-declarations -Wno-packed-bitfield-compat  conftest.c -o conftest.i"
checked program was:
/* begin */
1: #include "ruby.h"
2: 
3: #include <ruby/thread.h>
/* end */

--------------------

have_func: checking for rb_thread_call_without_gvl() in ruby/thread.h... -------------------- yes

"gcc -o conftest -I/home/vagrant/.rbenv/versions/2.3.0/include/ruby-2.3.0/x86_64-linux -I/home/vagrant/.rbenv/versions/2.3.0/include/ruby-2.3.0/ruby/backward -I/home/vagrant/.rbenv/versions/2.3.0/include/ruby-2.3.0 -I. -I/home/vagrant/.rbenv/versions/2.3.0/include     -O3 -fno-fast-math -ggdb3 -Wall -Wextra -Wno-unused-parameter -Wno-parentheses -Wno-long-long -Wno-missing-field-initializers -Wunused-variable -Wpointer-arith -Wwrite-strings -Wdeclaration-after-statement -Wimplicit-function-declaration -Wdeprecated-declarations -Wno-packed-bitfield-compat conftest.c  -L. -L/home/vagrant/.rbenv/versions/2.3.0/lib -Wl,-R/home/vagrant/.rbenv/versions/2.3.0/lib -L. -L/home/vagrant/.rbenv/versions/2.3.0/lib  -fstack-protector -rdynamic -Wl,-export-dynamic     -Wl,-R/home/vagrant/.rbenv/versions/2.3.0/lib -L/home/vagrant/.rbenv/versions/2.3.0/lib -lruby-static  -lpthread -ldl -lcrypt -lm   -lc"
checked program was:
/* begin */
 1: #include "ruby.h"
 2: 
 3: #include <ruby/thread.h>
 4: 
 5: /*top*/
 6: extern int t(void);
 7: int main(int argc, char **argv)
 8: {
 9:   if (argc > 1000000) {
10:     printf("%p", &t);
11:   }
12: 
13:   return 0;
14: }
15: int t(void) { void ((*volatile p)()); p = (void ((*)()))rb_thread_call_without_gvl; return !p; }
/* end */

--------------------

have_func: checking for rb_thread_blocking_region()... -------------------- no

"gcc -o conftest -I/home/vagrant/.rbenv/versions/2.3.0/include/ruby-2.3.0/x86_64-linux -I/home/vagrant/.rbenv/versions/2.3.0/include/ruby-2.3.0/ruby/backward -I/home/vagrant/.rbenv/versions/2.3.0/include/ruby-2.3.0 -I. -I/home/vagrant/.rbenv/versions/2.3.0/include     -O3 -fno-fast-math -ggdb3 -Wall -Wextra -Wno-unused-parameter -Wno-parentheses -Wno-long-long -Wno-missing-field-initializers -Wunused-variable -Wpointer-arith -Wwrite-strings -Wdeclaration-after-statement -Wimplicit-function-declaration -Wdeprecated-declarations -Wno-packed-bitfield-compat conftest.c  -L. -L/home/vagrant/.rbenv/versions/2.3.0/lib -Wl,-R/home/vagrant/.rbenv/versions/2.3.0/lib -L. -L/home/vagrant/.rbenv/versions/2.3.0/lib  -fstack-protector -rdynamic -Wl,-export-dynamic     -Wl,-R/home/vagrant/.rbenv/versions/2.3.0/lib -L/home/vagrant/.rbenv/versions/2.3.0/lib -lruby-static  -lpthread -ldl -lcrypt -lm   -lc"
conftest.c: In function ‘t’:
conftest.c:13:57: error: ‘rb_thread_blocking_region’ undeclared (first use in this function)
 int t(void) { void ((*volatile p)()); p = (void ((*)()))rb_thread_blocking_region; return !p; }
                                                         ^
conftest.c:13:57: note: each undeclared identifier is reported only once for each function it appears in
checked program was:
/* begin */
 1: #include "ruby.h"
 2: 
 3: /*top*/
 4: extern int t(void);
 5: int main(int argc, char **argv)
 6: {
 7:   if (argc > 1000000) {
 8:     printf("%p", &t);
 9:   }
10: 
11:   return 0;
12: }
13: int t(void) { void ((*volatile p)()); p = (void ((*)()))rb_thread_blocking_region; return !p; }
/* end */

"gcc -o conftest -I/home/vagrant/.rbenv/versions/2.3.0/include/ruby-2.3.0/x86_64-linux -I/home/vagrant/.rbenv/versions/2.3.0/include/ruby-2.3.0/ruby/backward -I/home/vagrant/.rbenv/versions/2.3.0/include/ruby-2.3.0 -I. -I/home/vagrant/.rbenv/versions/2.3.0/include     -O3 -fno-fast-math -ggdb3 -Wall -Wextra -Wno-unused-parameter -Wno-parentheses -Wno-long-long -Wno-missing-field-initializers -Wunused-variable -Wpointer-arith -Wwrite-strings -Wdeclaration-after-statement -Wimplicit-function-declaration -Wdeprecated-declarations -Wno-packed-bitfield-compat conftest.c  -L. -L/home/vagrant/.rbenv/versions/2.3.0/lib -Wl,-R/home/vagrant/.rbenv/versions/2.3.0/lib -L. -L/home/vagrant/.rbenv/versions/2.3.0/lib  -fstack-protector -rdynamic -Wl,-export-dynamic     -Wl,-R/home/vagrant/.rbenv/versions/2.3.0/lib -L/home/vagrant/.rbenv/versions/2.3.0/lib -lruby-static  -lpthread -ldl -lcrypt -lm   -lc"
/tmp/ccvGElo3.o: 関数 `t' 内:
/home/vagrant/chatravel-server/ChatTravel/vendor/bundle/gems/mysql2-0.4.4/ext/mysql2/conftest.c:14: `rb_thread_blocking_region' に対する定義されていない参照です
collect2: error: ld returned 1 exit status
checked program was:
/* begin */
 1: #include "ruby.h"
 2: 
 3: /*top*/
 4: extern int t(void);
 5: int main(int argc, char **argv)
 6: {
 7:   if (argc > 1000000) {
 8:     printf("%p", &t);
 9:   }
10: 
11:   return 0;
12: }
13: extern void rb_thread_blocking_region();
14: int t(void) { rb_thread_blocking_region(); return 0; }
/* end */

--------------------

have_func: checking for rb_wait_for_single_fd()... -------------------- yes

"gcc -o conftest -I/home/vagrant/.rbenv/versions/2.3.0/include/ruby-2.3.0/x86_64-linux -I/home/vagrant/.rbenv/versions/2.3.0/include/ruby-2.3.0/ruby/backward -I/home/vagrant/.rbenv/versions/2.3.0/include/ruby-2.3.0 -I. -I/home/vagrant/.rbenv/versions/2.3.0/include     -O3 -fno-fast-math -ggdb3 -Wall -Wextra -Wno-unused-parameter -Wno-parentheses -Wno-long-long -Wno-missing-field-initializers -Wunused-variable -Wpointer-arith -Wwrite-strings -Wdeclaration-after-statement -Wimplicit-function-declaration -Wdeprecated-declarations -Wno-packed-bitfield-compat conftest.c  -L. -L/home/vagrant/.rbenv/versions/2.3.0/lib -Wl,-R/home/vagrant/.rbenv/versions/2.3.0/lib -L. -L/home/vagrant/.rbenv/versions/2.3.0/lib  -fstack-protector -rdynamic -Wl,-export-dynamic     -Wl,-R/home/vagrant/.rbenv/versions/2.3.0/lib -L/home/vagrant/.rbenv/versions/2.3.0/lib -lruby-static  -lpthread -ldl -lcrypt -lm   -lc"
conftest.c: In function ‘t’:
conftest.c:13:57: error: ‘rb_wait_for_single_fd’ undeclared (first use in this function)
 int t(void) { void ((*volatile p)()); p = (void ((*)()))rb_wait_for_single_fd; return !p; }
                                                         ^
conftest.c:13:57: note: each undeclared identifier is reported only once for each function it appears in
checked program was:
/* begin */
 1: #include "ruby.h"
 2: 
 3: /*top*/
 4: extern int t(void);
 5: int main(int argc, char **argv)
 6: {
 7:   if (argc > 1000000) {
 8:     printf("%p", &t);
 9:   }
10: 
11:   return 0;
12: }
13: int t(void) { void ((*volatile p)()); p = (void ((*)()))rb_wait_for_single_fd; return !p; }
/* end */

"gcc -o conftest -I/home/vagrant/.rbenv/versions/2.3.0/include/ruby-2.3.0/x86_64-linux -I/home/vagrant/.rbenv/versions/2.3.0/include/ruby-2.3.0/ruby/backward -I/home/vagrant/.rbenv/versions/2.3.0/include/ruby-2.3.0 -I. -I/home/vagrant/.rbenv/versions/2.3.0/include     -O3 -fno-fast-math -ggdb3 -Wall -Wextra -Wno-unused-parameter -Wno-parentheses -Wno-long-long -Wno-missing-field-initializers -Wunused-variable -Wpointer-arith -Wwrite-strings -Wdeclaration-after-statement -Wimplicit-function-declaration -Wdeprecated-declarations -Wno-packed-bitfield-compat conftest.c  -L. -L/home/vagrant/.rbenv/versions/2.3.0/lib -Wl,-R/home/vagrant/.rbenv/versions/2.3.0/lib -L. -L/home/vagrant/.rbenv/versions/2.3.0/lib  -fstack-protector -rdynamic -Wl,-export-dynamic     -Wl,-R/home/vagrant/.rbenv/versions/2.3.0/lib -L/home/vagrant/.rbenv/versions/2.3.0/lib -lruby-static  -lpthread -ldl -lcrypt -lm   -lc"
checked program was:
/* begin */
 1: #include "ruby.h"
 2: 
 3: /*top*/
 4: extern int t(void);
 5: int main(int argc, char **argv)
 6: {
 7:   if (argc > 1000000) {
 8:     printf("%p", &t);
 9:   }
10: 
11:   return 0;
12: }
13: extern void rb_wait_for_single_fd();
14: int t(void) { rb_wait_for_single_fd(); return 0; }
/* end */

--------------------

have_func: checking for rb_hash_dup()... -------------------- yes

"gcc -o conftest -I/home/vagrant/.rbenv/versions/2.3.0/include/ruby-2.3.0/x86_64-linux -I/home/vagrant/.rbenv/versions/2.3.0/include/ruby-2.3.0/ruby/backward -I/home/vagrant/.rbenv/versions/2.3.0/include/ruby-2.3.0 -I. -I/home/vagrant/.rbenv/versions/2.3.0/include     -O3 -fno-fast-math -ggdb3 -Wall -Wextra -Wno-unused-parameter -Wno-parentheses -Wno-long-long -Wno-missing-field-initializers -Wunused-variable -Wpointer-arith -Wwrite-strings -Wdeclaration-after-statement -Wimplicit-function-declaration -Wdeprecated-declarations -Wno-packed-bitfield-compat conftest.c  -L. -L/home/vagrant/.rbenv/versions/2.3.0/lib -Wl,-R/home/vagrant/.rbenv/versions/2.3.0/lib -L. -L/home/vagrant/.rbenv/versions/2.3.0/lib  -fstack-protector -rdynamic -Wl,-export-dynamic     -Wl,-R/home/vagrant/.rbenv/versions/2.3.0/lib -L/home/vagrant/.rbenv/versions/2.3.0/lib -lruby-static  -lpthread -ldl -lcrypt -lm   -lc"
checked program was:
/* begin */
 1: #include "ruby.h"
 2: 
 3: /*top*/
 4: extern int t(void);
 5: int main(int argc, char **argv)
 6: {
 7:   if (argc > 1000000) {
 8:     printf("%p", &t);
 9:   }
10: 
11:   return 0;
12: }
13: int t(void) { void ((*volatile p)()); p = (void ((*)()))rb_hash_dup; return !p; }
/* end */

--------------------

have_func: checking for rb_intern3()... -------------------- yes

"gcc -o conftest -I/home/vagrant/.rbenv/versions/2.3.0/include/ruby-2.3.0/x86_64-linux -I/home/vagrant/.rbenv/versions/2.3.0/include/ruby-2.3.0/ruby/backward -I/home/vagrant/.rbenv/versions/2.3.0/include/ruby-2.3.0 -I. -I/home/vagrant/.rbenv/versions/2.3.0/include     -O3 -fno-fast-math -ggdb3 -Wall -Wextra -Wno-unused-parameter -Wno-parentheses -Wno-long-long -Wno-missing-field-initializers -Wunused-variable -Wpointer-arith -Wwrite-strings -Wdeclaration-after-statement -Wimplicit-function-declaration -Wdeprecated-declarations -Wno-packed-bitfield-compat conftest.c  -L. -L/home/vagrant/.rbenv/versions/2.3.0/lib -Wl,-R/home/vagrant/.rbenv/versions/2.3.0/lib -L. -L/home/vagrant/.rbenv/versions/2.3.0/lib  -fstack-protector -rdynamic -Wl,-export-dynamic     -Wl,-R/home/vagrant/.rbenv/versions/2.3.0/lib -L/home/vagrant/.rbenv/versions/2.3.0/lib -lruby-static  -lpthread -ldl -lcrypt -lm   -lc"
conftest.c: In function ‘t’:
conftest.c:13:57: error: ‘rb_intern3’ undeclared (first use in this function)
 int t(void) { void ((*volatile p)()); p = (void ((*)()))rb_intern3; return !p; }
                                                         ^
conftest.c:13:57: note: each undeclared identifier is reported only once for each function it appears in
checked program was:
/* begin */
 1: #include "ruby.h"
 2: 
 3: /*top*/
 4: extern int t(void);
 5: int main(int argc, char **argv)
 6: {
 7:   if (argc > 1000000) {
 8:     printf("%p", &t);
 9:   }
10: 
11:   return 0;
12: }
13: int t(void) { void ((*volatile p)()); p = (void ((*)()))rb_intern3; return !p; }
/* end */

"gcc -o conftest -I/home/vagrant/.rbenv/versions/2.3.0/include/ruby-2.3.0/x86_64-linux -I/home/vagrant/.rbenv/versions/2.3.0/include/ruby-2.3.0/ruby/backward -I/home/vagrant/.rbenv/versions/2.3.0/include/ruby-2.3.0 -I. -I/home/vagrant/.rbenv/versions/2.3.0/include     -O3 -fno-fast-math -ggdb3 -Wall -Wextra -Wno-unused-parameter -Wno-parentheses -Wno-long-long -Wno-missing-field-initializers -Wunused-variable -Wpointer-arith -Wwrite-strings -Wdeclaration-after-statement -Wimplicit-function-declaration -Wdeprecated-declarations -Wno-packed-bitfield-compat conftest.c  -L. -L/home/vagrant/.rbenv/versions/2.3.0/lib -Wl,-R/home/vagrant/.rbenv/versions/2.3.0/lib -L. -L/home/vagrant/.rbenv/versions/2.3.0/lib  -fstack-protector -rdynamic -Wl,-export-dynamic     -Wl,-R/home/vagrant/.rbenv/versions/2.3.0/lib -L/home/vagrant/.rbenv/versions/2.3.0/lib -lruby-static  -lpthread -ldl -lcrypt -lm   -lc"
checked program was:
/* begin */
 1: #include "ruby.h"
 2: 
 3: /*top*/
 4: extern int t(void);
 5: int main(int argc, char **argv)
 6: {
 7:   if (argc > 1000000) {
 8:     printf("%p", &t);
 9:   }
10: 
11:   return 0;
12: }
13: extern void rb_intern3();
14: int t(void) { rb_intern3(); return 0; }
/* end */

--------------------

have_header: checking for mysql.h... -------------------- yes

"gcc -E -I/home/vagrant/.rbenv/versions/2.3.0/include/ruby-2.3.0/x86_64-linux -I/home/vagrant/.rbenv/versions/2.3.0/include/ruby-2.3.0/ruby/backward -I/home/vagrant/.rbenv/versions/2.3.0/include/ruby-2.3.0 -I. -I/usr/include/mysql -I/home/vagrant/.rbenv/versions/2.3.0/include     -O3 -fno-fast-math -ggdb3 -Wall -Wextra -Wno-unused-parameter -Wno-parentheses -Wno-long-long -Wno-missing-field-initializers -Wunused-variable -Wpointer-arith -Wwrite-strings -Wdeclaration-after-statement -Wimplicit-function-declaration -Wdeprecated-declarations -Wno-packed-bitfield-compat  conftest.c -o conftest.i"
checked program was:
/* begin */
1: #include "ruby.h"
2: 
3: #include <mysql.h>
/* end */

--------------------

have_header: checking for errmsg.h... -------------------- yes

"gcc -E -I/home/vagrant/.rbenv/versions/2.3.0/include/ruby-2.3.0/x86_64-linux -I/home/vagrant/.rbenv/versions/2.3.0/include/ruby-2.3.0/ruby/backward -I/home/vagrant/.rbenv/versions/2.3.0/include/ruby-2.3.0 -I. -I/usr/include/mysql -I/home/vagrant/.rbenv/versions/2.3.0/include     -O3 -fno-fast-math -ggdb3 -Wall -Wextra -Wno-unused-parameter -Wno-parentheses -Wno-long-long -Wno-missing-field-initializers -Wunused-variable -Wpointer-arith -Wwrite-strings -Wdeclaration-after-statement -Wimplicit-function-declaration -Wdeprecated-declarations -Wno-packed-bitfield-compat  conftest.c -o conftest.i"
checked program was:
/* begin */
1: #include "ruby.h"
2: 
3: #include <errmsg.h>
/* end */

--------------------

have_header: checking for mysqld_error.h... -------------------- yes

"gcc -E -I/home/vagrant/.rbenv/versions/2.3.0/include/ruby-2.3.0/x86_64-linux -I/home/vagrant/.rbenv/versions/2.3.0/include/ruby-2.3.0/ruby/backward -I/home/vagrant/.rbenv/versions/2.3.0/include/ruby-2.3.0 -I. -I/usr/include/mysql -I/home/vagrant/.rbenv/versions/2.3.0/include     -O3 -fno-fast-math -ggdb3 -Wall -Wextra -Wno-unused-parameter -Wno-parentheses -Wno-long-long -Wno-missing-field-initializers -Wunused-variable -Wpointer-arith -Wwrite-strings -Wdeclaration-after-statement -Wimplicit-function-declaration -Wdeprecated-declarations -Wno-packed-bitfield-compat  conftest.c -o conftest.i"
checked program was:
/* begin */
1: #include "ruby.h"
2: 
3: #include <mysqld_error.h>
/* end */

--------------------

"gcc -o conftest -I/home/vagrant/.rbenv/versions/2.3.0/include/ruby-2.3.0/x86_64-linux -I/home/vagrant/.rbenv/versions/2.3.0/include/ruby-2.3.0/ruby/backward -I/home/vagrant/.rbenv/versions/2.3.0/include/ruby-2.3.0 -I. -I/usr/include/mysql -I/home/vagrant/.rbenv/versions/2.3.0/include     -O3 -fno-fast-math -ggdb3 -Wall -Wextra -Wno-unused-parameter -Wno-parentheses -Wno-long-long -Wno-missing-field-initializers -Wunused-variable -Wpointer-arith -Wwrite-strings -Wdeclaration-after-statement -Wimplicit-function-declaration -Wdeprecated-declarations -Wno-packed-bitfield-compat conftest.c  -L. -L/home/vagrant/.rbenv/versions/2.3.0/lib -Wl,-R/home/vagrant/.rbenv/versions/2.3.0/lib -L. -L/home/vagrant/.rbenv/versions/2.3.0/lib  -fstack-protector -rdynamic -Wl,-export-dynamic    -L/usr/lib/x86_64-linux-gnu -lmysqlclient -lpthread -lz -lm -ldl  -Wl,-R/home/vagrant/.rbenv/versions/2.3.0/lib -L/home/vagrant/.rbenv/versions/2.3.0/lib -lruby-static -Werror -Weverything -lpthread -ldl -lcrypt -lm   -lc"
gcc: error: unrecognized command line option ‘-Weverything’
checked program was:
/* begin */
1: #include "ruby.h"
2: 
3: int main() {return 0;}
/* end */

"gcc -o conftest -I/home/vagrant/.rbenv/versions/2.3.0/include/ruby-2.3.0/x86_64-linux -I/home/vagrant/.rbenv/versions/2.3.0/include/ruby-2.3.0/ruby/backward -I/home/vagrant/.rbenv/versions/2.3.0/include/ruby-2.3.0 -I. -I/usr/include/mysql -I/home/vagrant/.rbenv/versions/2.3.0/include     -O3 -fno-fast-math -ggdb3 -Wall -Wextra -Wno-unused-parameter -Wno-parentheses -Wno-long-long -Wno-missing-field-initializers -Wunused-variable -Wpointer-arith -Wwrite-strings -Wdeclaration-after-statement -Wimplicit-function-declaration -Wdeprecated-declarations -Wno-packed-bitfield-compat conftest.c  -L. -L/home/vagrant/.rbenv/versions/2.3.0/lib -Wl,-R/home/vagrant/.rbenv/versions/2.3.0/lib -L. -L/home/vagrant/.rbenv/versions/2.3.0/lib  -fstack-protector -rdynamic -Wl,-export-dynamic    -L/usr/lib/x86_64-linux-gnu -lmysqlclient -lpthread -lz -lm -ldl  -Wl,-R/home/vagrant/.rbenv/versions/2.3.0/lib -L/home/vagrant/.rbenv/versions/2.3.0/lib -lruby-static -Werror -Wno-bad-function-cast -lpthread -ldl -lcrypt -lm   -lc"
checked program was:
/* begin */
1: #include "ruby.h"
2: 
3: int main() {return 0;}
/* end */

"gcc -o conftest -I/home/vagrant/.rbenv/versions/2.3.0/include/ruby-2.3.0/x86_64-linux -I/home/vagrant/.rbenv/versions/2.3.0/include/ruby-2.3.0/ruby/backward -I/home/vagrant/.rbenv/versions/2.3.0/include/ruby-2.3.0 -I. -I/usr/include/mysql -I/home/vagrant/.rbenv/versions/2.3.0/include     -O3 -fno-fast-math -ggdb3 -Wall -Wextra -Wno-unused-parameter -Wno-parentheses -Wno-long-long -Wno-missing-field-initializers -Wunused-variable -Wpointer-arith -Wwrite-strings -Wdeclaration-after-statement -Wimplicit-function-declaration -Wdeprecated-declarations -Wno-packed-bitfield-compat conftest.c  -L. -L/home/vagrant/.rbenv/versions/2.3.0/lib -Wl,-R/home/vagrant/.rbenv/versions/2.3.0/lib -L. -L/home/vagrant/.rbenv/versions/2.3.0/lib  -fstack-protector -rdynamic -Wl,-export-dynamic    -L/usr/lib/x86_64-linux-gnu -lmysqlclient -lpthread -lz -lm -ldl  -Wl,-R/home/vagrant/.rbenv/versions/2.3.0/lib -L/home/vagrant/.rbenv/versions/2.3.0/lib -lruby-static -Werror -Wno-conditional-uninitialized -lpthread -ldl -lcrypt -lm   -lc"
checked program was:
/* begin */
1: #include "ruby.h"
2: 
3: int main() {return 0;}
/* end */

"gcc -o conftest -I/home/vagrant/.rbenv/versions/2.3.0/include/ruby-2.3.0/x86_64-linux -I/home/vagrant/.rbenv/versions/2.3.0/include/ruby-2.3.0/ruby/backward -I/home/vagrant/.rbenv/versions/2.3.0/include/ruby-2.3.0 -I. -I/usr/include/mysql -I/home/vagrant/.rbenv/versions/2.3.0/include     -O3 -fno-fast-math -ggdb3 -Wall -Wextra -Wno-unused-parameter -Wno-parentheses -Wno-long-long -Wno-missing-field-initializers -Wunused-variable -Wpointer-arith -Wwrite-strings -Wdeclaration-after-statement -Wimplicit-function-declaration -Wdeprecated-declarations -Wno-packed-bitfield-compat conftest.c  -L. -L/home/vagrant/.rbenv/versions/2.3.0/lib -Wl,-R/home/vagrant/.rbenv/versions/2.3.0/lib -L. -L/home/vagrant/.rbenv/versions/2.3.0/lib  -fstack-protector -rdynamic -Wl,-export-dynamic    -L/usr/lib/x86_64-linux-gnu -lmysqlclient -lpthread -lz -lm -ldl  -Wl,-R/home/vagrant/.rbenv/versions/2.3.0/lib -L/home/vagrant/.rbenv/versions/2.3.0/lib -lruby-static -Werror -Wno-covered-switch-default -lpthread -ldl -lcrypt -lm   -lc"
checked program was:
/* begin */
1: #include "ruby.h"
2: 
3: int main() {return 0;}
/* end */

"gcc -o conftest -I/home/vagrant/.rbenv/versions/2.3.0/include/ruby-2.3.0/x86_64-linux -I/home/vagrant/.rbenv/versions/2.3.0/include/ruby-2.3.0/ruby/backward -I/home/vagrant/.rbenv/versions/2.3.0/include/ruby-2.3.0 -I. -I/usr/include/mysql -I/home/vagrant/.rbenv/versions/2.3.0/include     -O3 -fno-fast-math -ggdb3 -Wall -Wextra -Wno-unused-parameter -Wno-parentheses -Wno-long-long -Wno-missing-field-initializers -Wunused-variable -Wpointer-arith -Wwrite-strings -Wdeclaration-after-statement -Wimplicit-function-declaration -Wdeprecated-declarations -Wno-packed-bitfield-compat conftest.c  -L. -L/home/vagrant/.rbenv/versions/2.3.0/lib -Wl,-R/home/vagrant/.rbenv/versions/2.3.0/lib -L. -L/home/vagrant/.rbenv/versions/2.3.0/lib  -fstack-protector -rdynamic -Wl,-export-dynamic    -L/usr/lib/x86_64-linux-gnu -lmysqlclient -lpthread -lz -lm -ldl  -Wl,-R/home/vagrant/.rbenv/versions/2.3.0/lib -L/home/vagrant/.rbenv/versions/2.3.0/lib -lruby-static -Werror -Wno-declaration-after-statement -lpthread -ldl -lcrypt -lm   -lc"
checked program was:
/* begin */
1: #include "ruby.h"
2: 
3: int main() {return 0;}
/* end */

"gcc -o conftest -I/home/vagrant/.rbenv/versions/2.3.0/include/ruby-2.3.0/x86_64-linux -I/home/vagrant/.rbenv/versions/2.3.0/include/ruby-2.3.0/ruby/backward -I/home/vagrant/.rbenv/versions/2.3.0/include/ruby-2.3.0 -I. -I/usr/include/mysql -I/home/vagrant/.rbenv/versions/2.3.0/include     -O3 -fno-fast-math -ggdb3 -Wall -Wextra -Wno-unused-parameter -Wno-parentheses -Wno-long-long -Wno-missing-field-initializers -Wunused-variable -Wpointer-arith -Wwrite-strings -Wdeclaration-after-statement -Wimplicit-function-declaration -Wdeprecated-declarations -Wno-packed-bitfield-compat conftest.c  -L. -L/home/vagrant/.rbenv/versions/2.3.0/lib -Wl,-R/home/vagrant/.rbenv/versions/2.3.0/lib -L. -L/home/vagrant/.rbenv/versions/2.3.0/lib  -fstack-protector -rdynamic -Wl,-export-dynamic    -L/usr/lib/x86_64-linux-gnu -lmysqlclient -lpthread -lz -lm -ldl  -Wl,-R/home/vagrant/.rbenv/versions/2.3.0/lib -L/home/vagrant/.rbenv/versions/2.3.0/lib -lruby-static -Werror -Wno-disabled-macro-expansion -lpthread -ldl -lcrypt -lm   -lc"
checked program was:
/* begin */
1: #include "ruby.h"
2: 
3: int main() {return 0;}
/* end */

"gcc -o conftest -I/home/vagrant/.rbenv/versions/2.3.0/include/ruby-2.3.0/x86_64-linux -I/home/vagrant/.rbenv/versions/2.3.0/include/ruby-2.3.0/ruby/backward -I/home/vagrant/.rbenv/versions/2.3.0/include/ruby-2.3.0 -I. -I/usr/include/mysql -I/home/vagrant/.rbenv/versions/2.3.0/include     -O3 -fno-fast-math -ggdb3 -Wall -Wextra -Wno-unused-parameter -Wno-parentheses -Wno-long-long -Wno-missing-field-initializers -Wunused-variable -Wpointer-arith -Wwrite-strings -Wdeclaration-after-statement -Wimplicit-function-declaration -Wdeprecated-declarations -Wno-packed-bitfield-compat conftest.c  -L. -L/home/vagrant/.rbenv/versions/2.3.0/lib -Wl,-R/home/vagrant/.rbenv/versions/2.3.0/lib -L. -L/home/vagrant/.rbenv/versions/2.3.0/lib  -fstack-protector -rdynamic -Wl,-export-dynamic    -L/usr/lib/x86_64-linux-gnu -lmysqlclient -lpthread -lz -lm -ldl  -Wl,-R/home/vagrant/.rbenv/versions/2.3.0/lib -L/home/vagrant/.rbenv/versions/2.3.0/lib -lruby-static -Werror -Wno-documentation-unknown-command -lpthread -ldl -lcrypt -lm   -lc"
checked program was:
/* begin */
1: #include "ruby.h"
2: 
3: int main() {return 0;}
/* end */

"gcc -o conftest -I/home/vagrant/.rbenv/versions/2.3.0/include/ruby-2.3.0/x86_64-linux -I/home/vagrant/.rbenv/versions/2.3.0/include/ruby-2.3.0/ruby/backward -I/home/vagrant/.rbenv/versions/2.3.0/include/ruby-2.3.0 -I. -I/usr/include/mysql -I/home/vagrant/.rbenv/versions/2.3.0/include     -O3 -fno-fast-math -ggdb3 -Wall -Wextra -Wno-unused-parameter -Wno-parentheses -Wno-long-long -Wno-missing-field-initializers -Wunused-variable -Wpointer-arith -Wwrite-strings -Wdeclaration-after-statement -Wimplicit-function-declaration -Wdeprecated-declarations -Wno-packed-bitfield-compat conftest.c  -L. -L/home/vagrant/.rbenv/versions/2.3.0/lib -Wl,-R/home/vagrant/.rbenv/versions/2.3.0/lib -L. -L/home/vagrant/.rbenv/versions/2.3.0/lib  -fstack-protector -rdynamic -Wl,-export-dynamic    -L/usr/lib/x86_64-linux-gnu -lmysqlclient -lpthread -lz -lm -ldl  -Wl,-R/home/vagrant/.rbenv/versions/2.3.0/lib -L/home/vagrant/.rbenv/versions/2.3.0/lib -lruby-static -Werror -Wno-missing-field-initializers -lpthread -ldl -lcrypt -lm   -lc"
checked program was:
/* begin */
1: #include "ruby.h"
2: 
3: int main() {return 0;}
/* end */

"gcc -o conftest -I/home/vagrant/.rbenv/versions/2.3.0/include/ruby-2.3.0/x86_64-linux -I/home/vagrant/.rbenv/versions/2.3.0/include/ruby-2.3.0/ruby/backward -I/home/vagrant/.rbenv/versions/2.3.0/include/ruby-2.3.0 -I. -I/usr/include/mysql -I/home/vagrant/.rbenv/versions/2.3.0/include     -O3 -fno-fast-math -ggdb3 -Wall -Wextra -Wno-unused-parameter -Wno-parentheses -Wno-long-long -Wno-missing-field-initializers -Wunused-variable -Wpointer-arith -Wwrite-strings -Wdeclaration-after-statement -Wimplicit-function-declaration -Wdeprecated-declarations -Wno-packed-bitfield-compat conftest.c  -L. -L/home/vagrant/.rbenv/versions/2.3.0/lib -Wl,-R/home/vagrant/.rbenv/versions/2.3.0/lib -L. -L/home/vagrant/.rbenv/versions/2.3.0/lib  -fstack-protector -rdynamic -Wl,-export-dynamic    -L/usr/lib/x86_64-linux-gnu -lmysqlclient -lpthread -lz -lm -ldl  -Wl,-R/home/vagrant/.rbenv/versions/2.3.0/lib -L/home/vagrant/.rbenv/versions/2.3.0/lib -lruby-static -Werror -Wno-missing-variable-declarations -lpthread -ldl -lcrypt -lm   -lc"
checked program was:
/* begin */
1: #include "ruby.h"
2: 
3: int main() {return 0;}
/* end */

"gcc -o conftest -I/home/vagrant/.rbenv/versions/2.3.0/include/ruby-2.3.0/x86_64-linux -I/home/vagrant/.rbenv/versions/2.3.0/include/ruby-2.3.0/ruby/backward -I/home/vagrant/.rbenv/versions/2.3.0/include/ruby-2.3.0 -I. -I/usr/include/mysql -I/home/vagrant/.rbenv/versions/2.3.0/include     -O3 -fno-fast-math -ggdb3 -Wall -Wextra -Wno-unused-parameter -Wno-parentheses -Wno-long-long -Wno-missing-field-initializers -Wunused-variable -Wpointer-arith -Wwrite-strings -Wdeclaration-after-statement -Wimplicit-function-declaration -Wdeprecated-declarations -Wno-packed-bitfield-compat conftest.c  -L. -L/home/vagrant/.rbenv/versions/2.3.0/lib -Wl,-R/home/vagrant/.rbenv/versions/2.3.0/lib -L. -L/home/vagrant/.rbenv/versions/2.3.0/lib  -fstack-protector -rdynamic -Wl,-export-dynamic    -L/usr/lib/x86_64-linux-gnu -lmysqlclient -lpthread -lz -lm -ldl  -Wl,-R/home/vagrant/.rbenv/versions/2.3.0/lib -L/home/vagrant/.rbenv/versions/2.3.0/lib -lruby-static -Werror -Wno-padded -lpthread -ldl -lcrypt -lm   -lc"
checked program was:
/* begin */
1: #include "ruby.h"
2: 
3: int main() {return 0;}
/* end */

"gcc -o conftest -I/home/vagrant/.rbenv/versions/2.3.0/include/ruby-2.3.0/x86_64-linux -I/home/vagrant/.rbenv/versions/2.3.0/include/ruby-2.3.0/ruby/backward -I/home/vagrant/.rbenv/versions/2.3.0/include/ruby-2.3.0 -I. -I/usr/include/mysql -I/home/vagrant/.rbenv/versions/2.3.0/include     -O3 -fno-fast-math -ggdb3 -Wall -Wextra -Wno-unused-parameter -Wno-parentheses -Wno-long-long -Wno-missing-field-initializers -Wunused-variable -Wpointer-arith -Wwrite-strings -Wdeclaration-after-statement -Wimplicit-function-declaration -Wdeprecated-declarations -Wno-packed-bitfield-compat conftest.c  -L. -L/home/vagrant/.rbenv/versions/2.3.0/lib -Wl,-R/home/vagrant/.rbenv/versions/2.3.0/lib -L. -L/home/vagrant/.rbenv/versions/2.3.0/lib  -fstack-protector -rdynamic -Wl,-export-dynamic    -L/usr/lib/x86_64-linux-gnu -lmysqlclient -lpthread -lz -lm -ldl  -Wl,-R/home/vagrant/.rbenv/versions/2.3.0/lib -L/home/vagrant/.rbenv/versions/2.3.0/lib -lruby-static -Werror -Wno-reserved-id-macro -lpthread -ldl -lcrypt -lm   -lc"
checked program was:
/* begin */
1: #include "ruby.h"
2: 
3: int main() {return 0;}
/* end */

"gcc -o conftest -I/home/vagrant/.rbenv/versions/2.3.0/include/ruby-2.3.0/x86_64-linux -I/home/vagrant/.rbenv/versions/2.3.0/include/ruby-2.3.0/ruby/backward -I/home/vagrant/.rbenv/versions/2.3.0/include/ruby-2.3.0 -I. -I/usr/include/mysql -I/home/vagrant/.rbenv/versions/2.3.0/include     -O3 -fno-fast-math -ggdb3 -Wall -Wextra -Wno-unused-parameter -Wno-parentheses -Wno-long-long -Wno-missing-field-initializers -Wunused-variable -Wpointer-arith -Wwrite-strings -Wdeclaration-after-statement -Wimplicit-function-declaration -Wdeprecated-declarations -Wno-packed-bitfield-compat conftest.c  -L. -L/home/vagrant/.rbenv/versions/2.3.0/lib -Wl,-R/home/vagrant/.rbenv/versions/2.3.0/lib -L. -L/home/vagrant/.rbenv/versions/2.3.0/lib  -fstack-protector -rdynamic -Wl,-export-dynamic    -L/usr/lib/x86_64-linux-gnu -lmysqlclient -lpthread -lz -lm -ldl  -Wl,-R/home/vagrant/.rbenv/versions/2.3.0/lib -L/home/vagrant/.rbenv/versions/2.3.0/lib -lruby-static -Werror -Wno-sign-conversion -lpthread -ldl -lcrypt -lm   -lc"
checked program was:
/* begin */
1: #include "ruby.h"
2: 
3: int main() {return 0;}
/* end */

"gcc -o conftest -I/home/vagrant/.rbenv/versions/2.3.0/include/ruby-2.3.0/x86_64-linux -I/home/vagrant/.rbenv/versions/2.3.0/include/ruby-2.3.0/ruby/backward -I/home/vagrant/.rbenv/versions/2.3.0/include/ruby-2.3.0 -I. -I/usr/include/mysql -I/home/vagrant/.rbenv/versions/2.3.0/include     -O3 -fno-fast-math -ggdb3 -Wall -Wextra -Wno-unused-parameter -Wno-parentheses -Wno-long-long -Wno-missing-field-initializers -Wunused-variable -Wpointer-arith -Wwrite-strings -Wdeclaration-after-statement -Wimplicit-function-declaration -Wdeprecated-declarations -Wno-packed-bitfield-compat conftest.c  -L. -L/home/vagrant/.rbenv/versions/2.3.0/lib -Wl,-R/home/vagrant/.rbenv/versions/2.3.0/lib -L. -L/home/vagrant/.rbenv/versions/2.3.0/lib  -fstack-protector -rdynamic -Wl,-export-dynamic    -L/usr/lib/x86_64-linux-gnu -lmysqlclient -lpthread -lz -lm -ldl  -Wl,-R/home/vagrant/.rbenv/versions/2.3.0/lib -L/home/vagrant/.rbenv/versions/2.3.0/lib -lruby-static -Werror -Wno-static-in-inline -lpthread -ldl -lcrypt -lm   -lc"
checked program was:
/* begin */
1: #include "ruby.h"
2: 
3: int main() {return 0;}
/* end */

"gcc -o conftest -I/home/vagrant/.rbenv/versions/2.3.0/include/ruby-2.3.0/x86_64-linux -I/home/vagrant/.rbenv/versions/2.3.0/include/ruby-2.3.0/ruby/backward -I/home/vagrant/.rbenv/versions/2.3.0/include/ruby-2.3.0 -I. -I/usr/include/mysql -I/home/vagrant/.rbenv/versions/2.3.0/include     -O3 -fno-fast-math -ggdb3 -Wall -Wextra -Wno-unused-parameter -Wno-parentheses -Wno-long-long -Wno-missing-field-initializers -Wunused-variable -Wpointer-arith -Wwrite-strings -Wdeclaration-after-statement -Wimplicit-function-declaration -Wdeprecated-declarations -Wno-packed-bitfield-compat conftest.c  -L. -L/home/vagrant/.rbenv/versions/2.3.0/lib -Wl,-R/home/vagrant/.rbenv/versions/2.3.0/lib -L. -L/home/vagrant/.rbenv/versions/2.3.0/lib  -fstack-protector -rdynamic -Wl,-export-dynamic    -L/usr/lib/x86_64-linux-gnu -lmysqlclient -lpthread -lz -lm -ldl  -Wl,-R/home/vagrant/.rbenv/versions/2.3.0/lib -L/home/vagrant/.rbenv/versions/2.3.0/lib -lruby-static -Werror -Wno-switch-enum -lpthread -ldl -lcrypt -lm   -lc"
checked program was:
/* begin */
1: #include "ruby.h"
2: 
3: int main() {return 0;}
/* end */

"gcc -o conftest -I/home/vagrant/.rbenv/versions/2.3.0/include/ruby-2.3.0/x86_64-linux -I/home/vagrant/.rbenv/versions/2.3.0/include/ruby-2.3.0/ruby/backward -I/home/vagrant/.rbenv/versions/2.3.0/include/ruby-2.3.0 -I. -I/usr/include/mysql -I/home/vagrant/.rbenv/versions/2.3.0/include     -O3 -fno-fast-math -ggdb3 -Wall -Wextra -Wno-unused-parameter -Wno-parentheses -Wno-long-long -Wno-missing-field-initializers -Wunused-variable -Wpointer-arith -Wwrite-strings -Wdeclaration-after-statement -Wimplicit-function-declaration -Wdeprecated-declarations -Wno-packed-bitfield-compat conftest.c  -L. -L/home/vagrant/.rbenv/versions/2.3.0/lib -Wl,-R/home/vagrant/.rbenv/versions/2.3.0/lib -L. -L/home/vagrant/.rbenv/versions/2.3.0/lib  -fstack-protector -rdynamic -Wl,-export-dynamic    -L/usr/lib/x86_64-linux-gnu -lmysqlclient -lpthread -lz -lm -ldl  -Wl,-R/home/vagrant/.rbenv/versions/2.3.0/lib -L/home/vagrant/.rbenv/versions/2.3.0/lib -lruby-static -Werror -Wno-undef -lpthread -ldl -lcrypt -lm   -lc"
checked program was:
/* begin */
1: #include "ruby.h"
2: 
3: int main() {return 0;}
/* end */

"gcc -o conftest -I/home/vagrant/.rbenv/versions/2.3.0/include/ruby-2.3.0/x86_64-linux -I/home/vagrant/.rbenv/versions/2.3.0/include/ruby-2.3.0/ruby/backward -I/home/vagrant/.rbenv/versions/2.3.0/include/ruby-2.3.0 -I. -I/usr/include/mysql -I/home/vagrant/.rbenv/versions/2.3.0/include     -O3 -fno-fast-math -ggdb3 -Wall -Wextra -Wno-unused-parameter -Wno-parentheses -Wno-long-long -Wno-missing-field-initializers -Wunused-variable -Wpointer-arith -Wwrite-strings -Wdeclaration-after-statement -Wimplicit-function-declaration -Wdeprecated-declarations -Wno-packed-bitfield-compat conftest.c  -L. -L/home/vagrant/.rbenv/versions/2.3.0/lib -Wl,-R/home/vagrant/.rbenv/versions/2.3.0/lib -L. -L/home/vagrant/.rbenv/versions/2.3.0/lib  -fstack-protector -rdynamic -Wl,-export-dynamic    -L/usr/lib/x86_64-linux-gnu -lmysqlclient -lpthread -lz -lm -ldl  -Wl,-R/home/vagrant/.rbenv/versions/2.3.0/lib -L/home/vagrant/.rbenv/versions/2.3.0/lib -lruby-static -Werror -Wno-unreachable-code -lpthread -ldl -lcrypt -lm   -lc"
checked program was:
/* begin */
1: #include "ruby.h"
2: 
3: int main() {return 0;}
/* end */

"gcc -o conftest -I/home/vagrant/.rbenv/versions/2.3.0/include/ruby-2.3.0/x86_64-linux -I/home/vagrant/.rbenv/versions/2.3.0/include/ruby-2.3.0/ruby/backward -I/home/vagrant/.rbenv/versions/2.3.0/include/ruby-2.3.0 -I. -I/usr/include/mysql -I/home/vagrant/.rbenv/versions/2.3.0/include     -O3 -fno-fast-math -ggdb3 -Wall -Wextra -Wno-unused-parameter -Wno-parentheses -Wno-long-long -Wno-missing-field-initializers -Wunused-variable -Wpointer-arith -Wwrite-strings -Wdeclaration-after-statement -Wimplicit-function-declaration -Wdeprecated-declarations -Wno-packed-bitfield-compat conftest.c  -L. -L/home/vagrant/.rbenv/versions/2.3.0/lib -Wl,-R/home/vagrant/.rbenv/versions/2.3.0/lib -L. -L/home/vagrant/.rbenv/versions/2.3.0/lib  -fstack-protector -rdynamic -Wl,-export-dynamic    -L/usr/lib/x86_64-linux-gnu -lmysqlclient -lpthread -lz -lm -ldl  -Wl,-R/home/vagrant/.rbenv/versions/2.3.0/lib -L/home/vagrant/.rbenv/versions/2.3.0/lib -lruby-static -Werror -Wno-used-but-marked-unused -lpthread -ldl -lcrypt -lm   -lc"
checked program was:
/* begin */
1: #include "ruby.h"
2: 
3: int main() {return 0;}
/* end */

